  Generate moc_predefs.h
  UIC picview.ui
  UIC tipwh.ui
  UIC transparentmask.ui
  RCC icon.qrc
  MOC picview.h
  MOC snipasteapp.h
  MOC tipwh.h
  MOC transparentmask.h
  main.cpp
  picview.cpp
C:\Users\21242\Desktop\pro\screenshotqt\picview.cpp(10,27): warning C4100: “parent”: 未引用的形参
C:\Users\21242\Desktop\pro\screenshotqt\picview.cpp(41,39): warning C4100: “event”: 未引用的形参
  snipasteapp.cpp
C:\Users\21242\Desktop\pro\screenshotqt\snipasteapp.cpp(81,21): warning C4189: “desktopWidget”: 局部变量已初始化但不引用
  tipwh.cpp
  transparentmask.cpp
C:\Users\21242\Desktop\pro\screenshotqt\transparentmask.cpp(73,47): warning C4100: “event”: 未引用的形参
  moc_picview.cpp
  moc_snipasteapp.cpp
  moc_tipwh.cpp
  moc_transparentmask.cpp
  qrc_icon.cpp
  正在生成代码...
  screenshot.vcxproj -> C:\Users\21242\Desktop\pro\screenshotqt\release\screenshot.exe
